#
# A fatal error has been detected by the Java Runtime Environment:
#
#  EXCEPTION_ACCESS_VIOLATION (0xc0000005) at pc=0x00000000747df387, pid=7324, tid=0x00000000000033ac
#
# JRE version: Java(TM) SE Runtime Environment (8.0_171-b11) (build 1.8.0_171-b11)
# Java VM: Java HotSpot(TM) 64-Bit Server VM (25.171-b11 mixed mode windows-amd64 compressed oops)
# Problematic frame:
# V  [jvm.dll+0x13f387]
#
# Failed to write core dump. Minidumps are not enabled by default on client versions of Windows
#
# If you would like to submit a bug report, please visit:
#   http://bugreport.java.com/bugreport/crash.jsp
#

---------------  T H R E A D  ---------------

Current thread (0x000000001a594800):  JavaThread "HIDCommandExecutionQueue.executor pool-5-thread-1" daemon [_thread_in_vm, id=13228, stack(0x0000000026450000,0x0000000026550000)]

siginfo: ExceptionCode=0xc0000005, reading address 0x0000000000000000

Registers:
RAX=0x0000000000000000, RBX=0x000000001a594800, RCX=0x0000000000000480, RDX=0x000000001a3fc920
RSP=0x000000002654e660, RBP=0x0000000000000000, RSI=0x000000001a3fc920, RDI=0x0000000000000101
R8 =0x0000000000000000, R9 =0x00000000d72a7d10, R10=0x0000000000000220, R11=0x0000000074eb2538
R12=0x0000000000000000, R13=0x0000000000000299, R14=0x0000000000000158, R15=0x000000001a594800
RIP=0x00000000747df387, EFLAGS=0x0000000000010202

Top of Stack: (sp=0x000000002654e660)
0x000000002654e660:   0000e5f36f80f7c8 00000000d72a7bd8
0x000000002654e670:   00000000000001d8 00000000261d02a0
0x000000002654e680:   00000000000001d8 0000000180001419
0x000000002654e690:   00000000000000c3 000000002654e7d0
0x000000002654e6a0:   00000000261d02a0 00000000000000c3
0x000000002654e6b0:   0000000000000000 000000018000132e
0x000000002654e6c0:   000000002654f490 00000000023f08da
0x000000002654e6d0:   00000000023f0790 0000000180002410
0x000000002654e6e0:   0000000000000000 00000001800012f8
0x000000002654e6f0:   0000000000000014 00000000747ddb29
0x000000002654e700:   0000000000000001 00000000d5708ee0
0x000000002654e710:   000000002654f010 000000000279c5a4
0x000000002654e720:   00000000261a8eb8 00000000025be009
0x000000002654e730:   0000000000000790 00000000d6698440
0x000000002654e740:   000000002654e7c8 00000000023f835d
0x000000002654e750:   00000000d6698440 0000000180002410 

Instructions: (pc=0x00000000747df387)
0x00000000747df367:   00 00 00 30 74 08 48 8b cb e8 eb 41 10 00 c7 83
0x00000000747df377:   70 02 00 00 06 00 00 00 40 b7 01 48 85 f6 74 60
0x00000000747df387:   48 8b 4d 00 40 32 ff e8 5d 95 f2 ff 48 8b d0 48
0x00000000747df397:   85 c0 74 4c 40 38 3d 9f 21 6d 00 4c 8b 06 74 16 


Register to memory mapping:

RAX=0x0000000000000000 is an unknown value
RBX=0x000000001a594800 is a thread
RCX=0x0000000000000480 is an unknown value
RDX=0x000000001a3fc920 is an unknown value
RSP=0x000000002654e660 is pointing into the stack for thread: 0x000000001a594800
RBP=0x0000000000000000 is an unknown value
RSI=0x000000001a3fc920 is an unknown value
RDI=0x0000000000000101 is an unknown value
R8 =0x0000000000000000 is an unknown value
R9 =0x00000000d72a7d10 is an oop
[Ljava.lang.Object; 
 - klass: 'java/lang/Object'[]
 - length: 5
R10=0x0000000000000220 is an unknown value
R11=0x0000000074eb2538 is an unknown value
R12=0x0000000000000000 is an unknown value
R13=0x0000000000000299 is an unknown value
R14=0x0000000000000158 is an unknown value
R15=0x000000001a594800 is a thread


Stack: [0x0000000026450000,0x0000000026550000],  sp=0x000000002654e660,  free space=1017k
Native frames: (J=compiled Java code, j=interpreted, Vv=VM code, C=native code)

Java frames: (J=compiled Java code, j=interpreted, Vv=VM code)
J 1279  com.sun.jna.Function.invokeInt(I[Ljava/lang/Object;)I (0 bytes) @ 0x000000000285900f [0x0000000002858fc0+0x4f]
J 1303 C1 com.sun.jna.Function.invoke([Ljava/lang/Object;Ljava/lang/Class;Z)Ljava/lang/Object; (1125 bytes) @ 0x000000000287fe54 [0x000000000287f740+0x714]
J 1258 C1 com.sun.jna.Function.invoke(Ljava/lang/Class;[Ljava/lang/Object;Ljava/util/Map;)Ljava/lang/Object; (526 bytes) @ 0x000000000284179c [0x0000000002840460+0x133c]
J 1302 C1 com.sun.jna.Library$Handler.invoke(Ljava/lang/Object;Ljava/lang/reflect/Method;[Ljava/lang/Object;)Ljava/lang/Object; (345 bytes) @ 0x0000000002877b5c [0x0000000002875940+0x221c]
j  com.sun.proxy.$Proxy2.WriteFile(Lcom/sun/jna/ptr/PointerByReference;[BILcom/sun/jna/ptr/IntByReference;Lcom/sun/jna/ptr/IntByReference;)Z+37
j  edu.cmu.ri.createlab.usb.hid.windows.WindowsHIDDevice.write([B)Ledu/cmu/ri/createlab/usb/hid/HIDWriteStatus;+207
j  edu.cmu.ri.createlab.usb.hid.CreateLabHIDCommandStrategy.execute(Ledu/cmu/ri/createlab/usb/hid/HIDDevice;)Ledu/cmu/ri/createlab/usb/hid/HIDCommandResponse;+15
j  edu.cmu.ri.createlab.usb.hid.CreateLabHIDCommandStrategy.execute(Ljava/lang/Object;)Ledu/cmu/ri/createlab/util/commandexecution/CommandResponse;+5
j  edu.cmu.ri.createlab.usb.hid.HIDCommand.call()Ledu/cmu/ri/createlab/usb/hid/HIDCommandResponse;+8
j  edu.cmu.ri.createlab.usb.hid.HIDCommand.call()Ljava/lang/Object;+1
j  java.util.concurrent.FutureTask.run()V+42
j  java.util.concurrent.ThreadPoolExecutor.runWorker(Ljava/util/concurrent/ThreadPoolExecutor$Worker;)V+95
j  java.util.concurrent.ThreadPoolExecutor$Worker.run()V+5
j  java.lang.Thread.run()V+11
v  ~StubRoutines::call_stub

---------------  P R O C E S S  ---------------

Java Threads: ( => current thread )
=>0x000000001a594800 JavaThread "HIDCommandExecutionQueue.executor pool-5-thread-1" daemon [_thread_in_vm, id=13228, stack(0x0000000026450000,0x0000000026550000)]
  0x000000001a598000 JavaThread "FinchController.peerPingScheduler pool-6-thread-1" daemon [_thread_blocked, id=12476, stack(0x0000000026330000,0x0000000026430000)]
  0x000000001a597800 JavaThread "BaseCreateLabDeviceConnectivityManager.executorService pool-1-thread-1" daemon [_thread_blocked, id=6044, stack(0x0000000025ff0000,0x00000000260f0000)]
  0x000000001a4b0800 JavaThread "DatasetPlotter.executorService pool-4-thread-1" daemon [_thread_blocked, id=6552, stack(0x0000000025df0000,0x0000000025ef0000)]
  0x000000001a56e000 JavaThread "DatasetPlotter.executorService pool-3-thread-1" daemon [_thread_blocked, id=10004, stack(0x0000000025cf0000,0x0000000025df0000)]
  0x000000001a56d800 JavaThread "DatasetPlotter.executorService pool-2-thread-1" daemon [_thread_blocked, id=11500, stack(0x0000000025bf0000,0x0000000025cf0000)]
  0x000000001a54e800 JavaThread "TimerQueue" daemon [_thread_blocked, id=1252, stack(0x00000000258f0000,0x00000000259f0000)]
  0x00000000001de000 JavaThread "DestroyJavaVM" [_thread_blocked, id=2308, stack(0x00000000021d0000,0x00000000022d0000)]
  0x000000001a2c8000 JavaThread "AWT-EventQueue-0" [_thread_blocked, id=13280, stack(0x000000001aef0000,0x000000001aff0000)]
  0x000000001a2c4800 JavaThread "AWT-Shutdown" [_thread_blocked, id=5388, stack(0x000000001ab80000,0x000000001ac80000)]
  0x000000001a2c1800 JavaThread "Java2D Disposer" daemon [_thread_blocked, id=6804, stack(0x000000001aa80000,0x000000001ab80000)]
  0x0000000019406000 JavaThread "Service Thread" daemon [_thread_blocked, id=6796, stack(0x0000000019f40000,0x000000001a040000)]
  0x0000000019382800 JavaThread "C1 CompilerThread3" daemon [_thread_blocked, id=552, stack(0x0000000019e40000,0x0000000019f40000)]
  0x000000001937e800 JavaThread "C2 CompilerThread2" daemon [_thread_blocked, id=3460, stack(0x0000000019d40000,0x0000000019e40000)]
  0x000000001936c800 JavaThread "C2 CompilerThread1" daemon [_thread_blocked, id=972, stack(0x0000000019c40000,0x0000000019d40000)]
  0x0000000019369000 JavaThread "C2 CompilerThread0" daemon [_thread_blocked, id=2192, stack(0x0000000019b40000,0x0000000019c40000)]
  0x0000000019367800 JavaThread "Attach Listener" daemon [_thread_blocked, id=12436, stack(0x0000000019a40000,0x0000000019b40000)]
  0x0000000019366000 JavaThread "Signal Dispatcher" daemon [_thread_blocked, id=9760, stack(0x0000000019940000,0x0000000019a40000)]
  0x00000000023ee000 JavaThread "Finalizer" daemon [_thread_blocked, id=8780, stack(0x0000000019740000,0x0000000019840000)]
  0x00000000023e7000 JavaThread "Reference Handler" daemon [_thread_blocked, id=9780, stack(0x0000000019240000,0x0000000019340000)]

Other Threads:
  0x0000000017459000 VMThread [stack: 0x0000000019140000,0x0000000019240000] [id=2904]
  0x0000000019417000 WatcherThread [stack: 0x000000001a040000,0x000000001a140000] [id=10548]

VM state:synchronizing (normal execution)

VM Mutex/Monitor currently owned by a thread:  ([mutex/lock_event])
[0x00000000001dd230] Threads_lock - owner thread: 0x0000000017459000

Heap:
 PSYoungGen      total 38400K, used 33280K [0x00000000d5700000, 0x00000000d8180000, 0x0000000100000000)
  eden space 33280K, 100% used [0x00000000d5700000,0x00000000d7780000,0x00000000d7780000)
  from space 5120K, 0% used [0x00000000d7c80000,0x00000000d7c80000,0x00000000d8180000)
  to   space 5120K, 0% used [0x00000000d7780000,0x00000000d7780000,0x00000000d7c80000)
 ParOldGen       total 87552K, used 0K [0x0000000080400000, 0x0000000085980000, 0x00000000d5700000)
  object space 87552K, 0% used [0x0000000080400000,0x0000000080400000,0x0000000085980000)
 Metaspace       used 15259K, capacity 15502K, committed 15744K, reserved 1062912K
  class space    used 1982K, capacity 2067K, committed 2176K, reserved 1048576K

Card table byte_map: [0x00000000117b0000,0x0000000011bb0000] byte_map_base: 0x00000000113ae000

Marking Bits: (ParMarkBitMap*) 0x0000000074ec08c0
 Begin Bits: [0x0000000012660000, 0x0000000014650000)
 End Bits:   [0x0000000014650000, 0x0000000016640000)

Polling page: 0x0000000000510000

CodeCache: size=245760Kb used=5154Kb max_used=5154Kb free=240605Kb
 bounds [0x00000000023f0000, 0x0000000002910000, 0x00000000113f0000]
 total_blobs=1939 nmethods=1405 adapters=447
 compilation: enabled

Compilation events (10 events):
Event: 206.489 Thread 0x0000000019382800 nmethod 1469 0x0000000002507250 code [0x0000000002507500, 0x0000000002508998]
Event: 206.489 Thread 0x0000000019382800 1470       3       java.util.IdentityHashMap::keySet (26 bytes)
Event: 206.489 Thread 0x000000001937e800 nmethod 1472 0x00000000027a8750 code [0x00000000027a88a0, 0x00000000027a8978]
Event: 206.489 Thread 0x0000000019382800 nmethod 1470 0x00000000025a9210 code [0x00000000025a93a0, 0x00000000025a9790]
Event: 206.490 Thread 0x000000001936c800 nmethod 1471 0x000000000261fe10 code [0x000000000261ff60, 0x0000000002620118]
Event: 216.487 Thread 0x0000000019382800 1473       3       org.apache.log4j.WriterAppender::checkEntryConditions (106 bytes)
Event: 216.488 Thread 0x0000000019382800 nmethod 1473 0x00000000028fb210 code [0x00000000028fb580, 0x00000000028fdd68]
Event: 217.126 Thread 0x0000000019382800 1474 % !   3       java.util.concurrent.ThreadPoolExecutor::runWorker @ 21 (225 bytes)
Event: 217.127 Thread 0x0000000019382800 nmethod 1474% 0x00000000028feb50 code [0x00000000028fee60, 0x00000000029009a8]
Event: 218.486 Thread 0x0000000019382800 1475       1       edu.cmu.ri.createlab.usb.hid.BaseHIDDevice::getHidDeviceDescriptor (5 bytes)

GC Heap History (0 events):
No events

Deoptimization events (10 events):
Event: 6.260 Thread 0x000000001a2c8000 Uncommon trap: reason=bimorphic action=maybe_recompile pc=0x0000000002632454 method=java.util.HashMap.getNode(ILjava/lang/Object;)Ljava/util/HashMap$Node; @ 59
Event: 6.260 Thread 0x000000001a2c8000 Uncommon trap: reason=bimorphic action=maybe_recompile pc=0x0000000002632454 method=java.util.HashMap.getNode(ILjava/lang/Object;)Ljava/util/HashMap$Node; @ 59
Event: 6.260 Thread 0x000000001a2c8000 Uncommon trap: reason=class_check action=maybe_recompile pc=0x000000000255c6a0 method=java.lang.String.equals(Ljava/lang/Object;)Z @ 8
Event: 6.260 Thread 0x000000001a2c8000 Uncommon trap: reason=class_check action=maybe_recompile pc=0x000000000255c6a0 method=java.lang.String.equals(Ljava/lang/Object;)Z @ 8
Event: 6.303 Thread 0x000000001a2c8000 Uncommon trap: reason=bimorphic action=maybe_recompile pc=0x0000000002632454 method=java.util.HashMap.getNode(ILjava/lang/Object;)Ljava/util/HashMap$Node; @ 59
Event: 6.303 Thread 0x000000001a2c8000 Uncommon trap: reason=bimorphic action=maybe_recompile pc=0x0000000002632454 method=java.util.HashMap.getNode(ILjava/lang/Object;)Ljava/util/HashMap$Node; @ 59
Event: 12.955 Thread 0x000000001a2c8000 Uncommon trap: reason=bimorphic action=maybe_recompile pc=0x00000000026ef2d4 method=java.util.HashMap.getNode(ILjava/lang/Object;)Ljava/util/HashMap$Node; @ 126
Event: 12.956 Thread 0x000000001a2c8000 Uncommon trap: reason=bimorphic action=maybe_recompile pc=0x00000000026ef2d4 method=java.util.HashMap.getNode(ILjava/lang/Object;)Ljava/util/HashMap$Node; @ 126
Event: 12.957 Thread 0x000000001a2c8000 Uncommon trap: reason=bimorphic action=maybe_recompile pc=0x000000000266dfb8 method=java.util.HashMap.getNode(ILjava/lang/Object;)Ljava/util/HashMap$Node; @ 126
Event: 13.013 Thread 0x000000001a2c8000 Uncommon trap: reason=unstable_if action=reinterpret pc=0x00000000026f5f90 method=java.lang.String.indexOf([CII[CIII)I @ 3

Classes redefined (0 events):
No events

Internal exceptions (10 events):
Event: 13.025 Thread 0x000000001a2c8000 Exception <a 'java/lang/ArrayIndexOutOfBoundsException': 18> (0x00000000d6157330) thrown at [C:\re\workspace\8-2-build-windows-amd64-cygwin\jdk8u171\10807\hotspot\src\share\vm\interpreter\interpreterRuntime.cpp, line 366]
Event: 13.027 Thread 0x000000001a2c8000 Exception <a 'java/lang/ArrayIndexOutOfBoundsException': 22> (0x00000000d615a690) thrown at [C:\re\workspace\8-2-build-windows-amd64-cygwin\jdk8u171\10807\hotspot\src\share\vm\interpreter\interpreterRuntime.cpp, line 366]
Event: 13.027 Thread 0x000000001a2c8000 Exception <a 'java/lang/ArrayIndexOutOfBoundsException': 160> (0x00000000d615ca68) thrown at [C:\re\workspace\8-2-build-windows-amd64-cygwin\jdk8u171\10807\hotspot\src\share\vm\interpreter\interpreterRuntime.cpp, line 366]
Event: 13.029 Thread 0x000000001a2c8000 Exception <a 'java/lang/ClassNotFoundException': org/apache/log4j/AppenderSkeletonCustomizer> (0x00000000d6162810) thrown at [C:\re\workspace\8-2-build-windows-amd64-cygwin\jdk8u171\10807\hotspot\src\share\vm\classfile\systemDictionary.cpp, line 210]
Event: 13.032 Thread 0x000000001a2c8000 Exception <a 'java/lang/ClassNotFoundException': org/apache/log4j/WriterAppenderCustomizer> (0x00000000d6183560) thrown at [C:\re\workspace\8-2-build-windows-amd64-cygwin\jdk8u171\10807\hotspot\src\share\vm\classfile\systemDictionary.cpp, line 210]
Event: 13.033 Thread 0x000000001a2c8000 Exception <a 'java/lang/ClassNotFoundException': org/apache/log4j/FileAppenderCustomizer> (0x00000000d6194008) thrown at [C:\re\workspace\8-2-build-windows-amd64-cygwin\jdk8u171\10807\hotspot\src\share\vm\classfile\systemDictionary.cpp, line 210]
Event: 13.041 Thread 0x000000001a2c8000 Exception <a 'java/lang/ClassNotFoundException': org/apache/log4j/PatternLayoutBeanInfo> (0x00000000d61e2468) thrown at [C:\re\workspace\8-2-build-windows-amd64-cygwin\jdk8u171\10807\hotspot\src\share\vm\classfile\systemDictionary.cpp, line 210]
Event: 13.041 Thread 0x000000001a2c8000 Exception <a 'java/lang/ClassNotFoundException': org/apache/log4j/LayoutBeanInfo> (0x00000000d61e5830) thrown at [C:\re\workspace\8-2-build-windows-amd64-cygwin\jdk8u171\10807\hotspot\src\share\vm\classfile\systemDictionary.cpp, line 210]
Event: 13.041 Thread 0x000000001a2c8000 Exception <a 'java/lang/ClassNotFoundException': org/apache/log4j/LayoutCustomizer> (0x00000000d61e8c40) thrown at [C:\re\workspace\8-2-build-windows-amd64-cygwin\jdk8u171\10807\hotspot\src\share\vm\classfile\systemDictionary.cpp, line 210]
Event: 13.042 Thread 0x000000001a2c8000 Exception <a 'java/lang/ClassNotFoundException': org/apache/log4j/PatternLayoutCustomizer> (0x00000000d61f1a48) thrown at [C:\re\workspace\8-2-build-windows-amd64-cygwin\jdk8u171\10807\hotspot\src\share\vm\classfile\systemDictionary.cpp, line 210]

Events (10 events):
Event: 218.392 loading class java/lang/ProcessBuilder
Event: 218.392 loading class java/lang/ProcessBuilder done
Event: 218.392 loading class java/lang/ProcessImpl
Event: 218.393 loading class java/lang/Process
Event: 218.393 loading class java/lang/Process done
Event: 218.393 loading class java/lang/ProcessImpl done
Event: 218.417 loading class java/lang/ProcessImpl$2
Event: 218.417 loading class java/lang/ProcessImpl$2 done
Event: 218.417 Thread 0x000000001a59a800 Thread exited: 0x000000001a59a800
Event: 218.421 Thread 0x000000001a2c5800 Thread exited: 0x000000001a2c5800


Dynamic libraries:
0x00007ff7780f0000 - 0x00007ff778127000 	C:\Program Files\Java\jre1.8.0_171\bin\javaw.exe
0x00007fffa8ac0000 - 0x00007fffa8cb0000 	C:\WINDOWS\SYSTEM32\ntdll.dll
0x00007fffa72d0000 - 0x00007fffa7382000 	C:\WINDOWS\System32\KERNEL32.DLL
0x00007fffa67d0000 - 0x00007fffa6a73000 	C:\WINDOWS\System32\KERNELBASE.dll
0x00007fffa7440000 - 0x00007fffa74e3000 	C:\WINDOWS\System32\ADVAPI32.dll
0x00007fffa8230000 - 0x00007fffa82ce000 	C:\WINDOWS\System32\msvcrt.dll
0x00007fffa7da0000 - 0x00007fffa7e37000 	C:\WINDOWS\System32\sechost.dll
0x00007fffa8040000 - 0x00007fffa8160000 	C:\WINDOWS\System32\RPCRT4.dll
0x00007fffa7e40000 - 0x00007fffa7fd4000 	C:\WINDOWS\System32\USER32.dll
0x00007fffa65a0000 - 0x00007fffa65c1000 	C:\WINDOWS\System32\win32u.dll
0x00007fffa79b0000 - 0x00007fffa79d6000 	C:\WINDOWS\System32\GDI32.dll
0x00007fffa6300000 - 0x00007fffa6494000 	C:\WINDOWS\System32\gdi32full.dll
0x00007fffa6a80000 - 0x00007fffa6b1e000 	C:\WINDOWS\System32\msvcp_win.dll
0x00007fffa64a0000 - 0x00007fffa659a000 	C:\WINDOWS\System32\ucrtbase.dll
0x00007fff9e5e0000 - 0x00007fff9e865000 	C:\WINDOWS\WinSxS\amd64_microsoft.windows.common-controls_6595b64144ccf1df_6.0.18362.657_none_e6c5b579130e3898\COMCTL32.dll
0x00007fffa7a60000 - 0x00007fffa7d96000 	C:\WINDOWS\System32\combase.dll
0x00007fffa65d0000 - 0x00007fffa6650000 	C:\WINDOWS\System32\bcryptPrimitives.dll
0x00007fffa74f0000 - 0x00007fffa751e000 	C:\WINDOWS\System32\IMM32.DLL
0x0000000074f40000 - 0x0000000075012000 	C:\Program Files\Java\jre1.8.0_171\bin\msvcr100.dll
0x00000000746a0000 - 0x0000000074f40000 	C:\Program Files\Java\jre1.8.0_171\bin\server\jvm.dll
0x00007fffa7650000 - 0x00007fffa7658000 	C:\WINDOWS\System32\PSAPI.DLL
0x00007fffa1610000 - 0x00007fffa161a000 	C:\WINDOWS\SYSTEM32\VERSION.dll
0x00007fffa3360000 - 0x00007fffa3384000 	C:\WINDOWS\SYSTEM32\WINMM.dll
0x00007fff9d920000 - 0x00007fff9d929000 	C:\WINDOWS\SYSTEM32\WSOCK32.dll
0x00007fffa7660000 - 0x00007fffa76cf000 	C:\WINDOWS\System32\WS2_32.dll
0x00007fffa2660000 - 0x00007fffa268d000 	C:\WINDOWS\SYSTEM32\WINMMBASE.dll
0x00007fffa6b20000 - 0x00007fffa6b6a000 	C:\WINDOWS\System32\cfgmgr32.dll
0x0000000077040000 - 0x000000007704f000 	C:\Program Files\Java\jre1.8.0_171\bin\verify.dll
0x0000000077010000 - 0x0000000077039000 	C:\Program Files\Java\jre1.8.0_171\bin\java.dll
0x0000000076ff0000 - 0x0000000077006000 	C:\Program Files\Java\jre1.8.0_171\bin\zip.dll
0x00007fffa6be0000 - 0x00007fffa72c5000 	C:\WINDOWS\System32\SHELL32.dll
0x00007fffa7390000 - 0x00007fffa7439000 	C:\WINDOWS\System32\shcore.dll
0x00007fffa5b80000 - 0x00007fffa62ff000 	C:\WINDOWS\System32\windows.storage.dll
0x00007fffa5a10000 - 0x00007fffa5a2f000 	C:\WINDOWS\System32\profapi.dll
0x00007fffa59c0000 - 0x00007fffa5a0a000 	C:\WINDOWS\System32\powrprof.dll
0x00007fffa5990000 - 0x00007fffa59a0000 	C:\WINDOWS\System32\UMPDC.dll
0x00007fffa7520000 - 0x00007fffa7572000 	C:\WINDOWS\System32\shlwapi.dll
0x00007fffa59a0000 - 0x00007fffa59b1000 	C:\WINDOWS\System32\kernel.appcore.dll
0x00007fffa5ab0000 - 0x00007fffa5ac7000 	C:\WINDOWS\System32\cryptsp.dll
0x0000000074500000 - 0x0000000074698000 	C:\Program Files\Java\jre1.8.0_171\bin\awt.dll
0x00007fffa7880000 - 0x00007fffa7944000 	C:\WINDOWS\System32\OLEAUT32.dll
0x00007fffa3af0000 - 0x00007fffa3b7f000 	C:\WINDOWS\SYSTEM32\apphelp.dll
0x00007fffa3cf0000 - 0x00007fffa3d89000 	C:\WINDOWS\system32\uxtheme.dll
0x00007fffa87c0000 - 0x00007fffa88f5000 	C:\WINDOWS\System32\MSCTF.dll
0x00007fffa8920000 - 0x00007fffa8a76000 	C:\WINDOWS\System32\ole32.dll
0x00007fffa4130000 - 0x00007fffa415d000 	C:\WINDOWS\system32\DWMAPI.DLL
0x00007fff79bd0000 - 0x00007fff79d26000 	C:\WINDOWS\system32\opengl32.dll
0x00007fff80f90000 - 0x00007fff80fbc000 	C:\WINDOWS\SYSTEM32\GLU32.dll
0x00007fffa4600000 - 0x00007fffa4620000 	C:\WINDOWS\SYSTEM32\dxcore.dll
0x00007fffa6680000 - 0x00007fffa67c9000 	C:\WINDOWS\System32\crypt32.dll
0x00007fffa5a30000 - 0x00007fffa5a42000 	C:\WINDOWS\System32\MSASN1.dll
0x00007fffa5a50000 - 0x00007fffa5aac000 	C:\WINDOWS\System32\WINTRUST.DLL
0x00007fffa8900000 - 0x00007fffa891d000 	C:\WINDOWS\System32\imagehlp.dll
0x00007fffa4d10000 - 0x00007fffa4d43000 	C:\WINDOWS\system32\rsaenh.dll
0x00007fffa6650000 - 0x00007fffa6676000 	C:\WINDOWS\System32\bcrypt.dll
0x00007fffa5370000 - 0x00007fffa537c000 	C:\WINDOWS\SYSTEM32\CRYPTBASE.dll
0x00007fff78c00000 - 0x00007fff78e44000 	C:\WINDOWS\system32\nvspcap64.dll
0x00007fffa49c0000 - 0x00007fffa49f1000 	C:\WINDOWS\SYSTEM32\ntmarta.dll
0x00007fffa45b0000 - 0x00007fffa45d2000 	C:\WINDOWS\SYSTEM32\gpapi.dll
0x00007fff9dc00000 - 0x00007fff9dc2f000 	C:\WINDOWS\SYSTEM32\cryptnet.dll
0x0000000076fa0000 - 0x0000000076fe7000 	C:\Program Files\Java\jre1.8.0_171\bin\fontmanager.dll
0x00007fff9a090000 - 0x00007fff9a12e000 	C:\WINDOWS\System32\TextInputFramework.dll
0x00007fffa38e0000 - 0x00007fffa39b4000 	C:\WINDOWS\System32\CoreMessaging.dll
0x00007fffa1a70000 - 0x00007fffa1d9a000 	C:\WINDOWS\System32\CoreUIComponents.dll
0x00007fffa1910000 - 0x00007fffa1a63000 	C:\WINDOWS\SYSTEM32\wintypes.dll
0x0000000076f80000 - 0x0000000076f9a000 	C:\Program Files\Java\jre1.8.0_171\bin\net.dll
0x00007fffa51a0000 - 0x00007fffa5207000 	C:\WINDOWS\system32\mswsock.dll
0x00000000744e0000 - 0x00000000744f1000 	C:\Program Files\Java\jre1.8.0_171\bin\nio.dll
0x0000000074490000 - 0x00000000744d2000 	C:\Program Files\Java\jre1.8.0_171\bin\t2k.dll
0x00007fff99c60000 - 0x00007fff99f06000 	C:\WINDOWS\System32\iertutil.dll
0x00007fffa7580000 - 0x00007fffa7622000 	C:\WINDOWS\System32\clbcatq.dll
0x00007fff9fa60000 - 0x00007fff9fc0f000 	C:\WINDOWS\SYSTEM32\WindowsCodecs.dll
0x00007fffa5880000 - 0x00007fffa58a5000 	C:\WINDOWS\SYSTEM32\USERENV.dll
0x00007fffa4eb0000 - 0x00007fffa4eea000 	C:\WINDOWS\SYSTEM32\IPHLPAPI.DLL
0x00007fffa7630000 - 0x00007fffa7638000 	C:\WINDOWS\System32\NSI.dll
0x00007fff9ea40000 - 0x00007fff9ea56000 	C:\WINDOWS\SYSTEM32\dhcpcsvc6.DLL
0x00007fff9ea20000 - 0x00007fff9ea3c000 	C:\WINDOWS\SYSTEM32\dhcpcsvc.DLL
0x00007fffa4ef0000 - 0x00007fffa4fba000 	C:\WINDOWS\SYSTEM32\DNSAPI.dll
0x0000000180000000 - 0x0000000180037000 	C:\Users\yasir\AppData\Local\Temp\jna5059209036373331628.dll
0x00007fffa45a0000 - 0x00007fffa45ae000 	C:\WINDOWS\SYSTEM32\hid.dll
0x00007fffa8350000 - 0x00007fffa87c0000 	C:\WINDOWS\System32\setupapi.dll
0x00007fffa55f0000 - 0x00007fffa561a000 	C:\WINDOWS\System32\DEVOBJ.dll
0x00007fff96000000 - 0x00007fff961f4000 	C:\WINDOWS\SYSTEM32\dbghelp.dll

VM Arguments:
jvm_args: -Dfile.encoding=Cp1252 
java_command: App
java_class_path (initial): C:\Users\yasir\eclipse-workspace\FinchDrawShape\bin;C:\Users\yasir\OneDrive\Desktop\finch.jar
Launcher Type: SUN_STANDARD

Environment Variables:
PATH=C:/Program Files/Java/jre1.8.0_231/bin/server;C:/Program Files/Java/jre1.8.0_231/bin;C:/Program Files/Java/jre1.8.0_231/lib/amd64;C:\Program Files (x86)\Common Files\Oracle\Java\javapath;C:\Windows\system32;C:\Windows;C:\Windows\System32\Wbem;C:\Windows\System32\WindowsPowerShell\v1.0\;C:\Windows\System32\OpenSSH\;C:\Program Files (x86)\NVIDIA Corporation\PhysX\Common;C:\Program Files\IBM\SPSS\Statistics\25\JRE\bin;%SystemRoot%\system32;%SystemRoot%;%SystemRoot%\System32\Wbem;%SYSTEMROOT%\System32\WindowsPowerShell\v1.0\;%SYSTEMROOT%\System32\OpenSSH\;C:\Users\yasir\AppData\Local\Microsoft\WindowsApps;;C:\WINDOWS\system32;
USERNAME=yasir
OS=Windows_NT
PROCESSOR_IDENTIFIER=AMD64 Family 21 Model 2 Stepping 0, AuthenticAMD



---------------  S Y S T E M  ---------------

OS: Windows 10.0 , 64 bit Build 18362 (10.0.18362.329)

CPU:total 8 (initial active 8) (8 cores per cpu, 1 threads per core) family 21 model 2 stepping 0, cmov, cx8, fxsr, mmx, sse, sse2, sse3, ssse3, sse4.1, sse4.2, popcnt, avx, aes, clmul, mmxext, 3dnowpref, lzcnt, sse4a, tsc, tscinvbit, tscinv, bmi1

Memory: 4k page, physical 8370292k(3251720k free), swap 13351028k(2814972k free)

vm_info: Java HotSpot(TM) 64-Bit Server VM (25.171-b11) for windows-amd64 JRE (1.8.0_171-b11), built on Mar 28 2018 16:06:12 by "java_re" with MS VC++ 10.0 (VS2010)

time: Mon Feb 17 23:01:42 2020
elapsed time: 218 seconds (0d 0h 3m 38s)

